
==================== REQUEST ====================
Time   : 2026-01-08T15:04:09.250Z
IP-CLOUDFLARE : 27.64.137.111
IP-CLIENT     : 27.64.137.111
Method : OPTIONS
URL    : /login

--- Headers ---
{
  "host": "api.thuychi.cloud",
  "user-agent": "Mozilla/5.0 (Windows NT 10.0; Win64; x64) AppleWebKit/537.36 (KHTML, like Gecko) Chrome/143.0.0.0 Safari/537.36",
  "accept": "*/*",
  "accept-encoding": "gzip, br",
  "accept-language": "vi-VN,vi;q=0.9,en-CA;q=0.8,en-AU;q=0.7,en;q=0.6,uz-UZ;q=0.5,uz;q=0.4,fr-FR;q=0.3,fr;q=0.2,en-US;q=0.1",
  "access-control-request-headers": "content-type",
  "access-control-request-method": "POST",
  "cdn-loop": "cloudflare; loops=1",
  "cf-connecting-ip": "27.64.137.111",
  "cf-ipcountry": "VN",
  "cf-ray": "9bac95f1babfff82-SIN",
  "cf-visitor": "{\"scheme\":\"https\"}",
  "cf-warp-tag-id": "3fd01c62-2094-47ce-81f3-96242cfb0840",
  "connection": "keep-alive",
  "origin": "https://fe2.thuychi.cloud",
  "priority": "u=1, i",
  "referer": "https://fe2.thuychi.cloud/",
  "sec-fetch-dest": "empty",
  "sec-fetch-mode": "cors",
  "sec-fetch-site": "same-site",
  "x-forwarded-for": "27.64.137.111",
  "x-forwarded-proto": "https"
}

--- Body ---
undefined

================================================

==================== REQUEST ====================
Time   : 2026-01-08T15:04:09.936Z
IP-CLOUDFLARE : 27.64.137.111
IP-CLIENT     : 27.64.137.111
Method : POST
URL    : /login

--- Headers ---
{
  "host": "api.thuychi.cloud",
  "user-agent": "Mozilla/5.0 (Windows NT 10.0; Win64; x64) AppleWebKit/537.36 (KHTML, like Gecko) Chrome/143.0.0.0 Safari/537.36",
  "content-length": "47",
  "accept": "*/*",
  "accept-encoding": "gzip, br",
  "accept-language": "vi-VN,vi;q=0.9,en-CA;q=0.8,en-AU;q=0.7,en;q=0.6,uz-UZ;q=0.5,uz;q=0.4,fr-FR;q=0.3,fr;q=0.2,en-US;q=0.1",
  "cdn-loop": "cloudflare; loops=1",
  "cf-connecting-ip": "27.64.137.111",
  "cf-ipcountry": "VN",
  "cf-ray": "9bac95f5de4fff82-SIN",
  "cf-visitor": "{\"scheme\":\"https\"}",
  "cf-warp-tag-id": "3fd01c62-2094-47ce-81f3-96242cfb0840",
  "connection": "keep-alive",
  "content-type": "application/json",
  "origin": "https://fe2.thuychi.cloud",
  "priority": "u=1, i",
  "referer": "https://fe2.thuychi.cloud/",
  "sec-ch-ua": "\"Google Chrome\";v=\"143\", \"Chromium\";v=\"143\", \"Not A(Brand\";v=\"24\"",
  "sec-ch-ua-mobile": "?0",
  "sec-ch-ua-platform": "\"Windows\"",
  "sec-fetch-dest": "empty",
  "sec-fetch-mode": "cors",
  "sec-fetch-site": "same-site",
  "x-forwarded-for": "27.64.137.111",
  "x-forwarded-proto": "https"
}

--- Body ---
{
  "username": "Khoa",
  "password": "anhkhoagioi@32"
}

================================================

==================== REQUEST ====================
Time   : 2026-01-08T15:04:11.542Z
IP-CLOUDFLARE : 27.64.137.111
IP-CLIENT     : 27.64.137.111
Method : OPTIONS
URL    : /sessions

--- Headers ---
{
  "host": "api.thuychi.cloud",
  "user-agent": "Mozilla/5.0 (Windows NT 10.0; Win64; x64) AppleWebKit/537.36 (KHTML, like Gecko) Chrome/143.0.0.0 Safari/537.36",
  "accept": "*/*",
  "accept-encoding": "gzip, br",
  "accept-language": "vi-VN,vi;q=0.9,en-CA;q=0.8,en-AU;q=0.7,en;q=0.6,uz-UZ;q=0.5,uz;q=0.4,fr-FR;q=0.3,fr;q=0.2,en-US;q=0.1",
  "access-control-request-headers": "authorization",
  "access-control-request-method": "GET",
  "cdn-loop": "cloudflare; loops=1",
  "cf-connecting-ip": "27.64.137.111",
  "cf-ipcountry": "VN",
  "cf-ray": "9bac96001b49ff82-SIN",
  "cf-visitor": "{\"scheme\":\"https\"}",
  "cf-warp-tag-id": "3fd01c62-2094-47ce-81f3-96242cfb0840",
  "connection": "keep-alive",
  "origin": "https://fe2.thuychi.cloud",
  "priority": "u=1, i",
  "referer": "https://fe2.thuychi.cloud/",
  "sec-fetch-dest": "empty",
  "sec-fetch-mode": "cors",
  "sec-fetch-site": "same-site",
  "x-forwarded-for": "27.64.137.111",
  "x-forwarded-proto": "https"
}

--- Body ---
undefined

================================================

==================== REQUEST ====================
Time   : 2026-01-08T15:04:11.904Z
IP-CLOUDFLARE : 27.64.137.111
IP-CLIENT     : 27.64.137.111
Method : GET
URL    : /sessions

--- Headers ---
{
  "host": "api.thuychi.cloud",
  "user-agent": "Mozilla/5.0 (Windows NT 10.0; Win64; x64) AppleWebKit/537.36 (KHTML, like Gecko) Chrome/143.0.0.0 Safari/537.36",
  "accept": "*/*",
  "accept-encoding": "gzip, br",
  "accept-language": "vi-VN,vi;q=0.9,en-CA;q=0.8,en-AU;q=0.7,en;q=0.6,uz-UZ;q=0.5,uz;q=0.4,fr-FR;q=0.3,fr;q=0.2,en-US;q=0.1",
  "authorization": "Bearer eyJhbGciOiJIUzI1NiIsInR5cCI6IkpXVCJ9.eyJ1c2VyIjoia2hvYSIsImlhdCI6MTc2Nzg4NDY1MCwiZXhwIjoxNzY4NDg5NDUwfQ.UpIY5KVMZLdarVVvOsa7QjlZu2lkerRXl_X8yPfnGpM",
  "cdn-loop": "cloudflare; loops=1",
  "cf-connecting-ip": "27.64.137.111",
  "cf-ipcountry": "VN",
  "cf-ray": "9bac96025941ff82-SIN",
  "cf-visitor": "{\"scheme\":\"https\"}",
  "cf-warp-tag-id": "3fd01c62-2094-47ce-81f3-96242cfb0840",
  "connection": "keep-alive",
  "origin": "https://fe2.thuychi.cloud",
  "priority": "u=1, i",
  "referer": "https://fe2.thuychi.cloud/",
  "sec-ch-ua": "\"Google Chrome\";v=\"143\", \"Chromium\";v=\"143\", \"Not A(Brand\";v=\"24\"",
  "sec-ch-ua-mobile": "?0",
  "sec-ch-ua-platform": "\"Windows\"",
  "sec-fetch-dest": "empty",
  "sec-fetch-mode": "cors",
  "sec-fetch-site": "same-site",
  "x-forwarded-for": "27.64.137.111",
  "x-forwarded-proto": "https"
}

--- Body ---
undefined

================================================

==================== REQUEST ====================
Time   : 2026-01-08T15:14:37.083Z
IP-CLOUDFLARE : 27.64.137.111
IP-CLIENT     : 27.64.137.111
Method : OPTIONS
URL    : /sessions

--- Headers ---
{
  "host": "api.thuychi.cloud",
  "user-agent": "Mozilla/5.0 (Windows NT 10.0; Win64; x64) AppleWebKit/537.36 (KHTML, like Gecko) Chrome/143.0.0.0 Safari/537.36",
  "accept": "*/*",
  "accept-encoding": "gzip, br",
  "accept-language": "vi-VN,vi;q=0.9,en-CA;q=0.8,en-AU;q=0.7,en;q=0.6,uz-UZ;q=0.5,uz;q=0.4,fr-FR;q=0.3,fr;q=0.2,en-US;q=0.1",
  "access-control-request-headers": "authorization",
  "access-control-request-method": "GET",
  "cdn-loop": "cloudflare; loops=1",
  "cf-connecting-ip": "27.64.137.111",
  "cf-ipcountry": "VN",
  "cf-ray": "9baca5459d98fdc7-SIN",
  "cf-visitor": "{\"scheme\":\"https\"}",
  "cf-warp-tag-id": "3fd01c62-2094-47ce-81f3-96242cfb0840",
  "connection": "keep-alive",
  "origin": "https://fe2.thuychi.cloud",
  "priority": "u=1, i",
  "referer": "https://fe2.thuychi.cloud/",
  "sec-fetch-dest": "empty",
  "sec-fetch-mode": "cors",
  "sec-fetch-site": "same-site",
  "x-forwarded-for": "27.64.137.111",
  "x-forwarded-proto": "https"
}

--- Body ---
undefined

================================================

==================== REQUEST ====================
Time   : 2026-01-08T15:14:37.688Z
IP-CLOUDFLARE : 27.64.137.111
IP-CLIENT     : 27.64.137.111
Method : GET
URL    : /sessions

--- Headers ---
{
  "host": "api.thuychi.cloud",
  "user-agent": "Mozilla/5.0 (Windows NT 10.0; Win64; x64) AppleWebKit/537.36 (KHTML, like Gecko) Chrome/143.0.0.0 Safari/537.36",
  "accept": "*/*",
  "accept-encoding": "gzip, br",
  "accept-language": "vi-VN,vi;q=0.9,en-CA;q=0.8,en-AU;q=0.7,en;q=0.6,uz-UZ;q=0.5,uz;q=0.4,fr-FR;q=0.3,fr;q=0.2,en-US;q=0.1",
  "authorization": "Bearer eyJhbGciOiJIUzI1NiIsInR5cCI6IkpXVCJ9.eyJ1c2VyIjoia2hvYSIsImlhdCI6MTc2Nzg4NDY1MCwiZXhwIjoxNzY4NDg5NDUwfQ.UpIY5KVMZLdarVVvOsa7QjlZu2lkerRXl_X8yPfnGpM",
  "cdn-loop": "cloudflare; loops=1",
  "cf-connecting-ip": "27.64.137.111",
  "cf-ipcountry": "VN",
  "cf-ray": "9baca549982ffdc7-SIN",
  "cf-visitor": "{\"scheme\":\"https\"}",
  "cf-warp-tag-id": "3fd01c62-2094-47ce-81f3-96242cfb0840",
  "connection": "keep-alive",
  "origin": "https://fe2.thuychi.cloud",
  "priority": "u=1, i",
  "referer": "https://fe2.thuychi.cloud/",
  "sec-ch-ua": "\"Google Chrome\";v=\"143\", \"Chromium\";v=\"143\", \"Not A(Brand\";v=\"24\"",
  "sec-ch-ua-mobile": "?0",
  "sec-ch-ua-platform": "\"Windows\"",
  "sec-fetch-dest": "empty",
  "sec-fetch-mode": "cors",
  "sec-fetch-site": "same-site",
  "x-forwarded-for": "27.64.137.111",
  "x-forwarded-proto": "https"
}

--- Body ---
undefined

================================================
